<?xml version="1.0" encoding="UTF-8"?>
<!-- Generated by org.testng.reporters.JUnitXMLReporter -->
<testsuite ignored="1" hostname="DESKTOP-G839QLC" failures="0" tests="1" name="Default test" time="5.107" errors="0" timestamp="2022-01-28T12:42:03 PET">
  <testcase classname="docker.Setup_DockerGrid" name="stopDockerGrid" time="5.068"/>
  <testcase classname="docker.Setup_DockerGrid" name="startDockerGrid" time="0.0">
    <ignored/>
  </testcase> <!-- startDockerGrid -->
</testsuite> <!-- Default test -->
