<?xml version="1.0" encoding="UTF-8"?>
<!-- Generated by org.testng.reporters.JUnitXMLReporter -->
<testsuite ignored="4" hostname="DESKTOP-G839QLC" failures="0" tests="8" name="Test Smoke" time="201.307" errors="0" timestamp="2022-03-09T09:59:47 PET">
  <testcase classname="docker.EdgeTest1" name="test" time="38.793"/>
  <testcase classname="docker.ChromeTest2" name="test" time="41.773"/>
  <testcase classname="docker.ChromeTest1" name="test1" time="43.845"/>
  <testcase classname="docker.EdgeTest2" name="test" time="33.096"/>
  <testcase classname="docker.EdgeTest1" name="test2" time="36.382"/>
  <testcase classname="docker.FirefoxTest1" name="test" time="92.0"/>
  <testcase classname="docker.FirefoxTest1" name="test2" time="65.462"/>
  <testcase classname="docker.FirefoxTest2" name="test" time="125.878"/>
  <testcase classname="docker.ChromeTest2" name="test2" time="0.0">
    <ignored/>
  </testcase> <!-- test2 -->
  <testcase classname="docker.ChromeTest1" name="test2" time="0.0">
    <ignored/>
  </testcase> <!-- test2 -->
  <testcase classname="docker.FirefoxTest2" name="test2" time="0.0">
    <ignored/>
  </testcase> <!-- test2 -->
  <testcase classname="docker.EdgeTest1" name="test3" time="0.0">
    <ignored/>
  </testcase> <!-- test3 -->
</testsuite> <!-- Test Smoke -->
