<?xml version="1.0" encoding="UTF-8"?>
<testng-results ignored="4" total="12" passed="8" failed="0" skipped="0">
  <reporter-output>
  </reporter-output>
  <suite started-at="2022-03-09T09:56:26 PET" name="Suite" finished-at="2022-03-09T09:59:47 PET" duration-ms="201307">
    <groups>
      <group name="@smoke">
        <method signature="ChromeTest1.test1()[pri:0, instance:docker.ChromeTest1@50dfbc58]" name="test1" class="docker.ChromeTest1"/>
        <method signature="ChromeTest2.test()[pri:0, instance:docker.ChromeTest2@409c54f]" name="test" class="docker.ChromeTest2"/>
        <method signature="EdgeTest1.test()[pri:0, instance:docker.EdgeTest1@3e74829]" name="test" class="docker.EdgeTest1"/>
        <method signature="EdgeTest1.test2()[pri:0, instance:docker.EdgeTest1@3e74829]" name="test2" class="docker.EdgeTest1"/>
        <method signature="EdgeTest2.test()[pri:0, instance:docker.EdgeTest2@71e693fa]" name="test" class="docker.EdgeTest2"/>
        <method signature="FirefoxTest1.test()[pri:0, instance:docker.FirefoxTest1@48793bef]" name="test" class="docker.FirefoxTest1"/>
        <method signature="FirefoxTest1.test2()[pri:0, instance:docker.FirefoxTest1@48793bef]" name="test2" class="docker.FirefoxTest1"/>
        <method signature="FirefoxTest2.test()[pri:0, instance:docker.FirefoxTest2@7d286fb6]" name="test" class="docker.FirefoxTest2"/>
      </group> <!-- @smoke -->
    </groups>
    <test started-at="2022-03-09T09:56:26 PET" name="Test Smoke" finished-at="2022-03-09T09:59:47 PET" duration-ms="201307">
      <class name="docker.ChromeTest1">
        <test-method signature="test1()[pri:0, instance:docker.ChromeTest1@50dfbc58]" started-at="2022-03-09T09:56:26 PET" name="test1" description="Perkinelmer Test" finished-at="2022-03-09T09:57:10 PET" duration-ms="43845" status="PASS">
          <reporter-output>
          </reporter-output>
        </test-method> <!-- test1 -->
      </class> <!-- docker.ChromeTest1 -->
      <class name="docker.FirefoxTest1">
        <test-method signature="test()[pri:0, instance:docker.FirefoxTest1@48793bef]" started-at="2022-03-09T09:57:10 PET" name="test" description="Vitalsource Test" finished-at="2022-03-09T09:58:42 PET" duration-ms="92000" status="PASS">
          <reporter-output>
          </reporter-output>
        </test-method> <!-- test -->
        <test-method signature="test2()[pri:0, instance:docker.FirefoxTest1@48793bef]" started-at="2022-03-09T09:57:41 PET" name="test2" description="Vitalsource Test" finished-at="2022-03-09T09:58:46 PET" duration-ms="65462" status="PASS">
          <reporter-output>
          </reporter-output>
        </test-method> <!-- test2 -->
      </class> <!-- docker.FirefoxTest1 -->
      <class name="docker.FirefoxTest2">
        <test-method signature="test()[pri:0, instance:docker.FirefoxTest2@7d286fb6]" started-at="2022-03-09T09:57:41 PET" name="test" description="Vitalsource Test" finished-at="2022-03-09T09:59:47 PET" duration-ms="125878" status="PASS">
          <reporter-output>
          </reporter-output>
        </test-method> <!-- test -->
      </class> <!-- docker.FirefoxTest2 -->
      <class name="docker.ChromeTest2">
        <test-method signature="test()[pri:0, instance:docker.ChromeTest2@409c54f]" started-at="2022-03-09T09:56:26 PET" name="test" description="Perkinelmer Test" finished-at="2022-03-09T09:57:08 PET" duration-ms="41773" status="PASS">
          <reporter-output>
          </reporter-output>
        </test-method> <!-- test -->
      </class> <!-- docker.ChromeTest2 -->
      <class name="docker.EdgeTest1">
        <test-method signature="test()[pri:0, instance:docker.EdgeTest1@3e74829]" started-at="2022-03-09T09:56:26 PET" name="test" description="Vitalsource Test" finished-at="2022-03-09T09:57:05 PET" duration-ms="38793" status="PASS">
          <reporter-output>
          </reporter-output>
        </test-method> <!-- test -->
        <test-method signature="test2()[pri:0, instance:docker.EdgeTest1@3e74829]" started-at="2022-03-09T09:57:05 PET" name="test2" description="Vitalsource Test" finished-at="2022-03-09T09:57:41 PET" duration-ms="36382" status="PASS">
          <reporter-output>
          </reporter-output>
        </test-method> <!-- test2 -->
      </class> <!-- docker.EdgeTest1 -->
      <class name="docker.EdgeTest2">
        <test-method signature="test()[pri:0, instance:docker.EdgeTest2@71e693fa]" started-at="2022-03-09T09:57:08 PET" name="test" description="Vitalsource Test" finished-at="2022-03-09T09:57:41 PET" duration-ms="33096" status="PASS">
          <reporter-output>
          </reporter-output>
        </test-method> <!-- test -->
      </class> <!-- docker.EdgeTest2 -->
    </test> <!-- Test Smoke -->
  </suite> <!-- Suite -->
</testng-results>
